Using pre-set license
Built from '2021.3/release' branch; Version is '2021.3.17f1 (3e8111cac19d) revision 4096273'; Using compiler version '192829333'; Build Type 'Release'
OS: 'Windows 10  (10.0.19045) 64bit Core' Language: 'tr' Physical Memory: 15732 MB
BatchMode: 1, IsHumanControllingUs: 0, StartBugReporterOnCrash: 0, Is64bit: 1, IsPro: 1

COMMAND LINE ARGUMENTS:
C:\Program Files\Unity\Hub\Editor\2021.3.17f1\Editor\Unity.exe
-adb2
-batchMode
-noUpm
-name
AssetImportWorker0
-projectPath
C:/Users/umutc/OneDrive/Masaüstü/GGJ-PhysicsLast
-logFile
Logs/AssetImportWorker0.log
-srvPort
49603
Successfully changed project path to: C:/Users/umutc/OneDrive/Masaüstü/GGJ-PhysicsLast
C:/Users/umutc/OneDrive/Masaüstü/GGJ-PhysicsLast
[UnityMemory] Configuration Parameters - Can be set up in boot.config
    "memorysetup-bucket-allocator-granularity=16"
    "memorysetup-bucket-allocator-bucket-count=8"
    "memorysetup-bucket-allocator-block-size=33554432"
    "memorysetup-bucket-allocator-block-count=8"
    "memorysetup-main-allocator-block-size=16777216"
    "memorysetup-thread-allocator-block-size=16777216"
    "memorysetup-gfx-main-allocator-block-size=16777216"
    "memorysetup-gfx-thread-allocator-block-size=16777216"
    "memorysetup-cache-allocator-block-size=4194304"
    "memorysetup-typetree-allocator-block-size=2097152"
    "memorysetup-profiler-bucket-allocator-granularity=16"
    "memorysetup-profiler-bucket-allocator-bucket-count=8"
    "memorysetup-profiler-bucket-allocator-block-size=33554432"
    "memorysetup-profiler-bucket-allocator-block-count=8"
    "memorysetup-profiler-allocator-block-size=16777216"
    "memorysetup-profiler-editor-allocator-block-size=1048576"
    "memorysetup-temp-allocator-size-main=16777216"
    "memorysetup-job-temp-allocator-block-size=2097152"
    "memorysetup-job-temp-allocator-block-size-background=1048576"
    "memorysetup-job-temp-allocator-reduction-small-platforms=262144"
    "memorysetup-temp-allocator-size-background-worker=32768"
    "memorysetup-temp-allocator-size-job-worker=262144"
    "memorysetup-temp-allocator-size-preload-manager=33554432"
    "memorysetup-temp-allocator-size-nav-mesh-worker=65536"
    "memorysetup-temp-allocator-size-audio-worker=65536"
    "memorysetup-temp-allocator-size-cloud-worker=32768"
    "memorysetup-temp-allocator-size-gi-baking-worker=262144"
    "memorysetup-temp-allocator-size-gfx=262144"
Player connection [2648] Host "[IP] 170.16.10.36 [Port] 0 [Flags] 2 [Guid] 3108289241 [EditorId] 3108289241 [Version] 1048832 [Id] WindowsEditor(7,DESKTOP-F7EOARL) [Debug] 1 [PackageName] WindowsEditor [ProjectName] Editor" joined multi-casting on [225.0.0.222:54997]...

Player connection [2648] Host "[IP] 170.16.10.36 [Port] 0 [Flags] 2 [Guid] 3108289241 [EditorId] 3108289241 [Version] 1048832 [Id] WindowsEditor(7,DESKTOP-F7EOARL) [Debug] 1 [PackageName] WindowsEditor [ProjectName] Editor" joined alternative multi-casting on [225.0.0.222:34997]...

Refreshing native plugins compatible for Editor in 150.15 ms, found 3 plugins.
Preloading 0 native plugins for Editor in 0.00 ms.
Initialize engine version: 2021.3.17f1 (3e8111cac19d)
[Subsystems] Discovering subsystems at path C:/Program Files/Unity/Hub/Editor/2021.3.17f1/Editor/Data/Resources/UnitySubsystems
[Subsystems] Discovering subsystems at path C:/Users/umutc/OneDrive/Masaüstü/GGJ-PhysicsLast/Assets
GfxDevice: creating device client; threaded=0; jobified=0
Direct3D:
    Version:  Direct3D 11.0 [level 11.1]
    Renderer: NVIDIA GeForce RTX 3070 Laptop GPU (ID=0x249d)
    Vendor:   NVIDIA
    VRAM:     8033 MB
    Driver:   31.0.15.2802
Initialize mono
Mono path[0] = 'C:/Program Files/Unity/Hub/Editor/2021.3.17f1/Editor/Data/Managed'
Mono path[1] = 'C:/Program Files/Unity/Hub/Editor/2021.3.17f1/Editor/Data/MonoBleedingEdge/lib/mono/unityjit-win32'
Mono config path = 'C:/Program Files/Unity/Hub/Editor/2021.3.17f1/Editor/Data/MonoBleedingEdge/etc'
Using monoOptions --debugger-agent=transport=dt_socket,embedding=1,server=y,suspend=n,address=127.0.0.1:56088
Begin MonoManager ReloadAssembly
Registering precompiled unity dll's ...
Register platform support module: C:/Program Files/Unity/Hub/Editor/2021.3.17f1/Editor/Data/PlaybackEngines/WebGLSupport/UnityEditor.WebGL.Extensions.dll
Register platform support module: C:/Program Files/Unity/Hub/Editor/2021.3.17f1/Editor/Data/PlaybackEngines/WindowsStandaloneSupport/UnityEditor.WindowsStandalone.Extensions.dll
Registered in 0.013309 seconds.
Native extension for WindowsStandalone target not found
Native extension for WebGL target not found
Refreshing native plugins compatible for Editor in 146.07 ms, found 3 plugins.
Preloading 0 native plugins for Editor in 0.00 ms.
Mono: successfully reloaded assembly
- Completed reload, in  1.184 seconds
Domain Reload Profiling:
	ReloadAssembly (1184ms)
		BeginReloadAssembly (138ms)
			ExecutionOrderSort (0ms)
			DisableScriptedObjects (0ms)
			BackupInstance (0ms)
			ReleaseScriptingObjects (0ms)
			CreateAndSetChildDomain (1ms)
		EndReloadAssembly (822ms)
			LoadAssemblies (135ms)
			RebuildTransferFunctionScriptingTraits (0ms)
			SetupTypeCache (182ms)
			ReleaseScriptCaches (0ms)
			RebuildScriptCaches (50ms)
			SetupLoadedEditorAssemblies (495ms)
				LogAssemblyErrors (0ms)
				InitializePlatformSupportModulesInManaged (17ms)
				SetLoadedEditorAssemblies (0ms)
				RefreshPlugins (146ms)
				BeforeProcessingInitializeOnLoad (2ms)
				ProcessInitializeOnLoadAttributes (244ms)
				ProcessInitializeOnLoadMethodAttributes (85ms)
				AfterProcessingInitializeOnLoad (0ms)
				EditorAssembliesLoaded (0ms)
			ExecutionOrderSort2 (0ms)
			AwakeInstancesAfterBackupRestoration (0ms)
Platform modules already initialized, skipping
Registering precompiled user dll's ...
Registered in 0.010035 seconds.
Begin MonoManager ReloadAssembly
Symbol file LoadedFromMemory doesn't match image C:\Users\umutc\OneDrive\Masaüstü\GGJ-PhysicsLast\Library\PackageCache\com.unity.visualscripting@1.8.0\Editor\VisualScripting.Core\Dependencies\YamlDotNet\Unity.VisualScripting.YamlDotNet.dll
Symbol file LoadedFromMemory doesn't match image C:\Users\umutc\OneDrive\Masaüstü\GGJ-PhysicsLast\Library\PackageCache\com.unity.visualscripting@1.8.0\Editor\VisualScripting.Core\Dependencies\DotNetZip\Unity.VisualScripting.IonicZip.dll
Native extension for WindowsStandalone target not found
Native extension for WebGL target not found
Refreshing native plugins compatible for Editor in 0.95 ms, found 3 plugins.
Preloading 0 native plugins for Editor in 0.00 ms.
Mono: successfully reloaded assembly
- Completed reload, in  1.969 seconds
Domain Reload Profiling:
	ReloadAssembly (1971ms)
		BeginReloadAssembly (192ms)
			ExecutionOrderSort (0ms)
			DisableScriptedObjects (12ms)
			BackupInstance (0ms)
			ReleaseScriptingObjects (0ms)
			CreateAndSetChildDomain (32ms)
		EndReloadAssembly (1549ms)
			LoadAssemblies (136ms)
			RebuildTransferFunctionScriptingTraits (0ms)
			SetupTypeCache (533ms)
			ReleaseScriptCaches (1ms)
			RebuildScriptCaches (85ms)
			SetupLoadedEditorAssemblies (710ms)
				LogAssemblyErrors (0ms)
				InitializePlatformSupportModulesInManaged (14ms)
				SetLoadedEditorAssemblies (1ms)
				RefreshPlugins (1ms)
				BeforeProcessingInitializeOnLoad (169ms)
				ProcessInitializeOnLoadAttributes (458ms)
				ProcessInitializeOnLoadMethodAttributes (49ms)
				AfterProcessingInitializeOnLoad (17ms)
				EditorAssembliesLoaded (0ms)
			ExecutionOrderSort2 (0ms)
			AwakeInstancesAfterBackupRestoration (13ms)
Platform modules already initialized, skipping
========================================================================
Worker process is ready to serve import requests
Launched and connected shader compiler UnityShaderCompiler.exe after 0.09 seconds
Refreshing native plugins compatible for Editor in 1.23 ms, found 3 plugins.
Preloading 0 native plugins for Editor in 0.00 ms.
Unloading 3396 Unused Serialized files (Serialized files now loaded: 0)
Unloading 25 unused Assets / (56.5 KB). Loaded Objects now: 3855.
Memory consumption went from 118.0 MB to 117.9 MB.
Total: 7.867100 ms (FindLiveObjects: 0.714400 ms CreateObjectMapping: 0.292700 ms MarkObjects: 6.712000 ms  DeleteObjects: 0.145900 ms)

AssetImportParameters requested are different than current active one (requested -> active):
  custom:video-decoder-ogg-theora: a1e56fd34408186e4bbccfd4996cb3dc -> 
  custom:container-muxer-webm: aa71ff27fc2769a1b78a27578f13a17b -> 
  custom:container-demuxer-webm: 4f35f7cbe854078d1ac9338744f61a02 -> 
  custom:video-encoder-webm-vp8: eb34c28f22e8b96e1ab97ce403110664 -> 
  custom:audio-encoder-webm-vorbis: bf7c407c2cedff20999df2af8eb42d56 -> 
  custom:framework-win-MediaFoundation: 216162199b28c13a410421893ffa2e32 -> 
  custom:container-demuxer-ogg: 62fdf1f143b41e24485cea50d1cbac27 -> 
  custom:video-decoder-webm-vp8: 9c59270c3fd7afecdb556c50c9e8de78 -> 
  custom:audio-decoder-ogg-vorbis: bf7c407c2cedff20999df2af8eb42d56 -> 
========================================================================
Received Import Request.
  Time since last request: 61222.482238 seconds.
  path: Assets/Scenes
  artifactKey: Guid(6ea315d0fd7389c41b19996891e99ae3) Importer(815301076,1909f56bfc062723c751e8b465ee728b)
Start importing Assets/Scenes using Guid(6ea315d0fd7389c41b19996891e99ae3) Importer(815301076,1909f56bfc062723c751e8b465ee728b)  -> (artifact id: 'b8193726cff86800c54781cdc6d54904') in 0.018197 seconds 
========================================================================
Received Prepare
Registering precompiled user dll's ...
Registered in 0.009376 seconds.
Begin MonoManager ReloadAssembly
Symbol file LoadedFromMemory doesn't match image C:\Users\umutc\OneDrive\Masaüstü\GGJ-PhysicsLast\Library\PackageCache\com.unity.visualscripting@1.8.0\Editor\VisualScripting.Core\Dependencies\YamlDotNet\Unity.VisualScripting.YamlDotNet.dll
Symbol file LoadedFromMemory doesn't match image C:\Users\umutc\OneDrive\Masaüstü\GGJ-PhysicsLast\Library\PackageCache\com.unity.visualscripting@1.8.0\Editor\VisualScripting.Core\Dependencies\DotNetZip\Unity.VisualScripting.IonicZip.dll
Native extension for WindowsStandalone target not found
Native extension for WebGL target not found
Refreshing native plugins compatible for Editor in 0.94 ms, found 3 plugins.
Preloading 0 native plugins for Editor in 0.00 ms.
Mono: successfully reloaded assembly
- Completed reload, in  1.915 seconds
Domain Reload Profiling:
	ReloadAssembly (1916ms)
		BeginReloadAssembly (268ms)
			ExecutionOrderSort (0ms)
			DisableScriptedObjects (13ms)
			BackupInstance (0ms)
			ReleaseScriptingObjects (0ms)
			CreateAndSetChildDomain (81ms)
		EndReloadAssembly (1453ms)
			LoadAssemblies (155ms)
			RebuildTransferFunctionScriptingTraits (0ms)
			SetupTypeCache (479ms)
			ReleaseScriptCaches (2ms)
			RebuildScriptCaches (63ms)
			SetupLoadedEditorAssemblies (684ms)
				LogAssemblyErrors (0ms)
				InitializePlatformSupportModulesInManaged (27ms)
				SetLoadedEditorAssemblies (1ms)
				RefreshPlugins (1ms)
				BeforeProcessingInitializeOnLoad (128ms)
				ProcessInitializeOnLoadAttributes (452ms)
				ProcessInitializeOnLoadMethodAttributes (56ms)
				AfterProcessingInitializeOnLoad (19ms)
				EditorAssembliesLoaded (0ms)
			ExecutionOrderSort2 (0ms)
			AwakeInstancesAfterBackupRestoration (13ms)
Platform modules already initialized, skipping
Refreshing native plugins compatible for Editor in 3.16 ms, found 3 plugins.
Preloading 0 native plugins for Editor in 0.00 ms.
Unloading 3376 Unused Serialized files (Serialized files now loaded: 0)
Unloading 18 unused Assets / (24.6 KB). Loaded Objects now: 3858.
Memory consumption went from 116.4 MB to 116.4 MB.
Total: 5.147000 ms (FindLiveObjects: 0.413700 ms CreateObjectMapping: 0.363200 ms MarkObjects: 4.327000 ms  DeleteObjects: 0.041400 ms)

AssetImportParameters requested are different than current active one (requested -> active):
  custom:video-decoder-ogg-theora: a1e56fd34408186e4bbccfd4996cb3dc -> 
  custom:container-muxer-webm: aa71ff27fc2769a1b78a27578f13a17b -> 
  custom:container-demuxer-webm: 4f35f7cbe854078d1ac9338744f61a02 -> 
  custom:video-encoder-webm-vp8: eb34c28f22e8b96e1ab97ce403110664 -> 
  custom:audio-encoder-webm-vorbis: bf7c407c2cedff20999df2af8eb42d56 -> 
  custom:framework-win-MediaFoundation: 216162199b28c13a410421893ffa2e32 -> 
  custom:container-demuxer-ogg: 62fdf1f143b41e24485cea50d1cbac27 -> 
  custom:video-decoder-webm-vp8: 9c59270c3fd7afecdb556c50c9e8de78 -> 
  custom:audio-decoder-ogg-vorbis: bf7c407c2cedff20999df2af8eb42d56 -> 
========================================================================
Received Import Request.
  Time since last request: 609.826133 seconds.
  path: Assets
  artifactKey: Guid(00000000000000001000000000000000) Importer(815301076,1909f56bfc062723c751e8b465ee728b)
Start importing Assets using Guid(00000000000000001000000000000000) Importer(815301076,1909f56bfc062723c751e8b465ee728b)  -> (artifact id: '79842766b460edbeab6a34051e857a80') in 0.026960 seconds 
========================================================================
Received Import Request.
  Time since last request: 11.409635 seconds.
  path: Assets/Audio
  artifactKey: Guid(11dcd2326d43da348a8c596f15c098c0) Importer(815301076,1909f56bfc062723c751e8b465ee728b)
Start importing Assets/Audio using Guid(11dcd2326d43da348a8c596f15c098c0) Importer(815301076,1909f56bfc062723c751e8b465ee728b)  -> (artifact id: 'a7743d42c6078bc1c6f34b554b5e3ef4') in 0.012075 seconds 
========================================================================
Received Import Request.
  Time since last request: 241.812054 seconds.
  path: Assets/oyunses
  artifactKey: Guid(908caaba53e44dc47b0234f21201455a) Importer(815301076,1909f56bfc062723c751e8b465ee728b)
Start importing Assets/oyunses using Guid(908caaba53e44dc47b0234f21201455a) Importer(815301076,1909f56bfc062723c751e8b465ee728b)  -> (artifact id: '158910767a15c01b4335239ce860b7fc') in 0.013548 seconds 
========================================================================
Received Import Request.
  Time since last request: 9.109326 seconds.
  path: Assets/oyunses/bird_sound.mp3
  artifactKey: Guid(af29b0fae2c8c5747b653eb31258f75d) Importer(815301076,1909f56bfc062723c751e8b465ee728b)
Start importing Assets/oyunses/bird_sound.mp3 using Guid(af29b0fae2c8c5747b653eb31258f75d) Importer(815301076,1909f56bfc062723c751e8b465ee728b)  -> (artifact id: '769489fc473bc11ae886d1ef2b2df2fa') in 0.249109 seconds 
========================================================================
Received Import Request.
  Time since last request: 0.000056 seconds.
  path: Assets/oyunses/first_loop.mp3
  artifactKey: Guid(9a35221b994a66a408a91a9d11ba62c2) Importer(815301076,1909f56bfc062723c751e8b465ee728b)
Start importing Assets/oyunses/first_loop.mp3 using Guid(9a35221b994a66a408a91a9d11ba62c2) Importer(815301076,1909f56bfc062723c751e8b465ee728b)  -> (artifact id: '7e34c36f3b8ac05675d6dc8164883dcc') in 0.018659 seconds 
========================================================================
Received Import Request.
  Time since last request: 0.000047 seconds.
  path: Assets/oyunses/poset_2.mp3
  artifactKey: Guid(72a9416cd86984948990233539470758) Importer(815301076,1909f56bfc062723c751e8b465ee728b)
Start importing Assets/oyunses/poset_2.mp3 using Guid(72a9416cd86984948990233539470758) Importer(815301076,1909f56bfc062723c751e8b465ee728b)  -> (artifact id: 'be384458c749e5b67372455b58115848') in 0.019015 seconds 
========================================================================
Received Import Request.
  Time since last request: 0.000029 seconds.
  path: Assets/oyunses/last_loop.mp3
  artifactKey: Guid(165cc7d53dbbe9e42a626f2d7d3ce174) Importer(815301076,1909f56bfc062723c751e8b465ee728b)
Start importing Assets/oyunses/last_loop.mp3 using Guid(165cc7d53dbbe9e42a626f2d7d3ce174) Importer(815301076,1909f56bfc062723c751e8b465ee728b)  -> (artifact id: '9ff65168a4231cf4b30002746d3f73a1') in 0.022114 seconds 
========================================================================
Received Import Request.
  Time since last request: 0.000027 seconds.
  path: Assets/oyunses/poset_1.mp3
  artifactKey: Guid(7ed16cf60bd03b449a565d637c546470) Importer(815301076,1909f56bfc062723c751e8b465ee728b)
Start importing Assets/oyunses/poset_1.mp3 using Guid(7ed16cf60bd03b449a565d637c546470) Importer(815301076,1909f56bfc062723c751e8b465ee728b)  -> (artifact id: '8e08a8fe8eada75d7518c086e255206c') in 0.023521 seconds 
========================================================================
Received Import Request.
  Time since last request: 0.000059 seconds.
  path: Assets/oyunses/teneke_1.mp3
  artifactKey: Guid(ccb0e21f2e8a2db4b96edcae9efb5636) Importer(815301076,1909f56bfc062723c751e8b465ee728b)
Start importing Assets/oyunses/teneke_1.mp3 using Guid(ccb0e21f2e8a2db4b96edcae9efb5636) Importer(815301076,1909f56bfc062723c751e8b465ee728b)  -> (artifact id: '4d4c947ab61654066d0a93b9ce4e5454') in 0.022670 seconds 
========================================================================
Received Import Request.
  Time since last request: 0.000030 seconds.
  path: Assets/oyunses/teneke_3.mp3
  artifactKey: Guid(c717156d51f537742834abaf96dba9ad) Importer(815301076,1909f56bfc062723c751e8b465ee728b)
Start importing Assets/oyunses/teneke_3.mp3 using Guid(c717156d51f537742834abaf96dba9ad) Importer(815301076,1909f56bfc062723c751e8b465ee728b)  -> (artifact id: '83effc7d7271fb1f0854afd9ec0407a7') in 0.020168 seconds 
========================================================================
Received Import Request.
  Time since last request: 1.135196 seconds.
  path: Assets/oyunses/WhatsApp Audio 2023-02-05 at 00.18.55.mpeg
  artifactKey: Guid(b9e3f02f85546544f9f93d6e24d85f22) Importer(815301076,1909f56bfc062723c751e8b465ee728b)
Start importing Assets/oyunses/WhatsApp Audio 2023-02-05 at 00.18.55.mpeg using Guid(b9e3f02f85546544f9f93d6e24d85f22) Importer(815301076,1909f56bfc062723c751e8b465ee728b)  -> (artifact id: '8c61f23cee90cc306bfe37e1e4729b92') in 0.013914 seconds 
Editor requested this worker to shutdown with reason: Scaling down because of idle timeout
AssetImportWorker is now disconnected from the server
Process exiting
Exiting without the bug reporter. Application will terminate with return code 0